--------------------------------------------------------------------------------------------
      name:  <unnamed>
       log:  /Users/jenniferjackson/Desktop/NYU/Large Databases/PS3/STATA_RV_1042017-457/Jen
> niferJackson_PS3_Part2.log
  log type:  text
 opened on:  28 Feb 2019, 12:50:43

. 
. * PROBLEM 5a ~~~~~~~~~~~~~~~~~~~~~~~~~~~~~~~~~~~~~~~~~~~~~~~~~~~~~~~~~~~~~~~~~~~          
>                       
. 
. infile using "/Users/jenniferjackson/Desktop/NLSY79.dct"

infile dictionary {
  A0002600 "VERSION_R26_1 2014"
  R0000100 "ID# (1-12686) 79"
  R0173600 "SAMPLE ID  79 INT"
  R0214700 "RACL/ETHNIC COHORT /SCRNR 79"
  R0214800 "SEX OF R 79"
  R0618200 "PROFILES AFQT PRCTILE SCORE-80 81"
}

(12,686 observations read)

. 
. * PROBLEM 5b ~~~~~~~~~~~~~~~~~~~~~~~~~~~~~~~~~~~~~~~~~~~~~~~~~~~~~~~~~~~~~~~~~~~          
>                       
. 
. rename R0000100 id

. rename R0214800 sex

. rename R0618200 achievement

. gen year = 1979

. save nlsy79.dta
file nlsy79.dta saved

. 
. * PROBLEM 5c ~~~~~~~~~~~~~~~~~~~~~~~~~~~~~~~~~~~~~~~~~~~~~~~~~~~~~~~~~~~~~~~~~~~          
>                       
. 
. infile using "/Users/jenniferjackson/Desktop/NLSY97.dct", clear

infile dictionary {
  R0000100 "PUBID - YTH ID CODE 1997"
  R0536300 "KEY!SEX (SYMBOL) 1997"
  R0536401 "KEY!BDATE M/Y (SYMBOL) 1997"
  R0536402 "KEY!BDATE M/Y (SYMBOL) 1997"
  R1235800 "CV_SAMPLE_TYPE 1997"
  R1482600 "KEY!RACE_ETHNICITY (SYMBOL) 1997"
  R9829600 "ASVAB_MATH_VERBAL_SCORE_PCT 1999"
}

(8,984 observations read)

. 
. * PROBLEM 5d ~~~~~~~~~~~~~~~~~~~~~~~~~~~~~~~~~~~~~~~~~~~~~~~~~~~~~~~~~~~~~~~~~~~          
>                       
. 
. rename R0000100 id

. rename R0536300 sex

. 
. * Came back to this step after starting Problem 5f and adjusted achievement
. * scores for the 1997 group because they weren't on the same scale as the 1979
. * group. According to the site, it was a matter of decimal places, which I
. * corrected for below.
. rename  R9829600 achievement_needs_adjustment

. gen achievement = achievement_needs_adjustment / 1000

. 
. gen year = 1997

. save nlsy97.dta
file nlsy97.dta saved

. 
. 
. * PROBLEM 5e ~~~~~~~~~~~~~~~~~~~~~~~~~~~~~~~~~~~~~~~~~~~~~~~~~~~~~~~~~~~~~~~~~~~          
>                       
. 
. clear

. use nlsy79.dta

. append using nlsy97.dta

. 
. * PROBLEM 5f ~~~~~~~~~~~~~~~~~~~~~~~~~~~~~~~~~~~~~~~~~~~~~~~~~~~~~~~~~~~~~~~~~~~          
>                       
. 
. * 1 = Males & 2 = Females
. list if sex !=1 & sex !=2

. * There are no missing values for sex.
. 
. * Achievment scores were NOT measured on the same scale, so I went back and
. * adjusted the scores before appending the datasets because that seemed to be
. * the simplest route.
. 
. * For both the 1979 and 1997 groups, negative numbers imply missing test scores.
. replace achievement = . if achievement <= 0
(2,719 real changes made, 2,719 to missing)

. 
. * PROBLEM 6  ~~~~~~~~~~~~~~~~~~~~~~~~~~~~~~~~~~~~~~~~~~~~~~~~~~~~~~~~~~~~~~~~~~~          
>                       
. 
. summarize achievement if year == 1979

    Variable |        Obs        Mean    Std. Dev.       Min        Max
-------------+---------------------------------------------------------
 achievement |     11,878    40.90604    28.81986          1         99

. * The average achievement score in 1979 was 41, meaning the 41st percentile.
. 
. summarize achievement if year != 1979

    Variable |        Obs        Mean    Std. Dev.       Min        Max
-------------+---------------------------------------------------------
 achievement |      7,073    45.44533    29.11528       .108        100

. * The average achievement score in 1979 was 45, meaning the 45th percentile.
. 
. summarize achievement if year == 1979 & sex == 1 /* Males */

    Variable |        Obs        Mean    Std. Dev.       Min        Max
-------------+---------------------------------------------------------
 achievement |      5,951    40.93043    29.68527          1         99

. summarize achievement if year == 1979 & sex == 2 /* Females */

    Variable |        Obs        Mean    Std. Dev.       Min        Max
-------------+---------------------------------------------------------
 achievement |      5,927    40.88156    27.92645          1         99

. * Both males and females averaged a 41st percentile, only varying by tenths of
. * a percentile.
. 
. summarize achievement if year == 1997 & sex == 1 /* Males */

    Variable |        Obs        Mean    Std. Dev.       Min        Max
-------------+---------------------------------------------------------
 achievement |      3,575    44.51819    29.65582       .118        100

. summarize achievement if year == 1997 & sex == 2 /* Females */

    Variable |        Obs        Mean    Std. Dev.       Min        Max
-------------+---------------------------------------------------------
 achievement |      3,498    46.39288    28.52539       .108        100

. * In 1997 though, men averaged a 45th percentile while women averaged a 46th
. * percentile.
. 
. log close
      name:  <unnamed>
       log:  /Users/jenniferjackson/Desktop/NYU/Large Databases/PS3/STATA_RV_1042017-457/Jen
> niferJackson_PS3_Part2.log
  log type:  text
 closed on:  28 Feb 2019, 12:50:43
--------------------------------------------------------------------------------------------
