--------------------------------------------------------------------------------------------
      name:  <unnamed>
       log:  /Users/jenniferjackson/Desktop/PS1.log
  log type:  text
 opened on:  14 Feb 2019, 13:20:23

. do "/Users/jenniferjackson/Desktop/NYU/Large Databases/Jennifer_Jackson_PS1.do"

. * Jennifer Jackson
. * 14 February 2019
. 
. * APSTA.GE 2110
. * Problem Set 1
. 
. * PROBLEM 1
. * This .do file analyses PISA 2006 data for the USA & Hong Kong.
. 
. * PROBLEM 2
. * change working directory
. cd "/Users/jenniferjackson/Desktop"
/Users/jenniferjackson/Desktop

. * open data set
. use "PISA2006USAHKGFa17.dta"

. 
. * PROBLEM 3
. desc, short

Contains data from PISA2006USAHKGFa17.dta
  obs:         8,252                          
 vars:           490                          15 Sep 2017 17:39
 size:     8,499,560                          
Sorted by: 

. * students = 8,252
. * variables = 490
. summarize

    Variable |        Obs        Mean    Std. Dev.       Min        Max
-------------+---------------------------------------------------------
    subnatio |          0
    schoolid |          0
     stidstd |          0
         cnt |          0
     country |          0
-------------+---------------------------------------------------------
        oecd |      8,252    .5439893    .4980914          0          1
     st01q01 |      8,251     9.79457    .7134039          7         12
     st02q01 |      8,251    1.514725    .4998134          1          2
     st03q02 |          0
     st03q03 |          0
-------------+---------------------------------------------------------
     st04q01 |      8,252    1.501091    .5000291          1          2
     st05q01 |          0
     st06q01 |      8,025    2.025421    1.273866          1          5
     st07q01 |      7,511    1.811477    .3911557          1          2
     st07q02 |      7,237    1.819262    .3848274          1          2
-------------+---------------------------------------------------------
     st07q03 |      7,121    1.833731    .3723479          1          2
     st08q01 |          0
     st09q01 |      7,772    2.019171    1.265244          1          5
     st10q01 |      7,221    1.789503      .40769          1          2
     st10q02 |      6,930     1.84632    .3606674          1          2
-------------+---------------------------------------------------------
     st10q03 |      6,874    1.805063    .3961814          1          2
     st11q01 |      8,117    1.149932     .357027          1          2
     st11q02 |      8,112    1.348003    .4763663          1          2
     st11q03 |      8,032    1.339019    .4734057          1          2
     st11q04 |      1,335     5.77603    4.256403          0         16
-------------+---------------------------------------------------------
     st12q01 |      8,087    1.158526    .5221734          1          3
     st13q01 |      8,177    1.145652     .352779          1          2
     st13q02 |      8,198    1.213589    .4098647          1          2
     st13q03 |      8,181    1.160127    .3667463          1          2
     st13q04 |      8,192    1.074097    .2619441          1          2
-------------+---------------------------------------------------------
     st13q05 |      8,142    1.368214    .4823495          1          2
     st13q06 |      8,187     1.09283    .2902119          1          2
     st13q07 |      8,192    1.030273    .1713492          1          2
     st13q08 |      8,131    1.506211    .4999922          1          2
     st13q09 |      8,143    1.520079    .4996274          1          2
-------------+---------------------------------------------------------
     st13q10 |      8,155    1.485346    .4998159          1          2
     st13q11 |      8,176    1.196673    .3975074          1          2
     st13q12 |      8,191    1.029911    .1703519          1          2
     st13q13 |      8,172    1.547602    .4977594          1          2
     st13q14 |      8,192    1.037964    .1911206          1          2
-------------+---------------------------------------------------------
     st13q15 |          0
     st13q16 |          0
     st13q17 |          0
     st14q01 |      8,198    3.612344    .7497737          1          4
     st14q02 |      8,199    3.271862    .8039773          1          4
-------------+---------------------------------------------------------
     st14q03 |      8,175    2.509847     .829402          1          4
     st14q04 |      8,158    2.313925    1.246746          1          4
     st15q01 |      8,171     2.91788     1.41161          1          6
     st16q01 |      8,191    2.184105    .7840263          1          4
     st16q02 |      8,185    2.412951     .810807          1          4
-------------+---------------------------------------------------------
     st16q03 |      8,171    2.536532    .8046564          1          4
     st16q04 |      8,171    2.080529    .7952592          1          4
     st16q05 |      8,183    2.161188    .8190169          1          4
     st17q01 |      8,179    2.012471    .7300563          1          4
     st17q02 |      8,180     2.00379    .8638084          1          4
-------------+---------------------------------------------------------
     st17q03 |      8,167     2.32815    .8774084          1          4
     st17q04 |      8,166    2.193485     .834226          1          4
     st17q05 |      8,173     2.03328    .8702504          1          4
     st17q06 |      8,160    2.161765    .8554326          1          4
     st17q07 |      8,172     2.47883    .9160943          1          4
-------------+---------------------------------------------------------
     st17q08 |      8,178     2.19259    .9201767          1          4
     st18q01 |      8,181    1.589903    .6169098          1          4
     st18q02 |      8,176    1.638087    .6078085          1          4
     st18q03 |      8,174    2.082701    .7067255          1          4
     st18q04 |      8,168    1.768364    .6605749          1          4
-------------+---------------------------------------------------------
     st18q05 |      8,167    2.070773    .7710705          1          4
     st18q06 |      8,166    1.686138     .627261          1          4
     st18q07 |      8,159    1.952077    .7835229          1          4
     st18q08 |      8,158    1.892866    .7107267          1          4
     st18q09 |      8,167    1.886005    .7065758          1          4
-------------+---------------------------------------------------------
     st18q10 |      8,174    2.164791    .7822379          1          4
     st19q01 |      8,185    2.992059    .8050795          1          4
     st19q02 |      8,177    3.396233    .7311061          1          4
     st19q03 |      8,181    3.297519    .7621742          1          4
     st19q04 |      8,171    3.581324    .6599868          1          4
-------------+---------------------------------------------------------
     st19q05 |      8,178    3.178895     .821718          1          4
     st19q06 |      8,186    3.681407    .6366058          1          4
     st20qa1 |      8,222    1.968742    .1740237          1          2
     st20qa2 |      8,233    1.076521    .2658466          1          2
     st20qa3 |      8,233    1.849508    .3575747          1          2
-------------+---------------------------------------------------------
     st20qa4 |      8,233    1.962104     .190957          1          2
     st20qa5 |      8,233    1.927487    .2593513          1          2
     st20qa6 |      8,233    1.775052    .4175737          1          2
     st20qb1 |      8,223    1.943938    .2300559          1          2
     st20qb2 |      8,233    1.174177    .3792847          1          2
-------------+---------------------------------------------------------
     st20qb3 |      8,233    1.805539    .3958095          1          2
     st20qb4 |      8,233    1.971213    .1672164          1          2
     st20qb5 |      8,233    1.922021    .2681546          1          2
     st20qb6 |      8,233    1.774444    .4179731          1          2
     st20qc1 |      8,226    1.930708    .2539663          1          2
-------------+---------------------------------------------------------
     st20qc2 |      8,233    1.246326    .4308967          1          2
     st20qc3 |      8,233    1.778817    .4150687          1          2
     st20qc4 |      8,233    1.970606    .1689182          1          2
     st20qc5 |      8,233    1.913762    .2807327          1          2
     st20qc6 |      8,233    1.800802    .3994218          1          2
-------------+---------------------------------------------------------
     st20qd1 |      8,223    1.841664    .3650783          1          2
     st20qd2 |      8,233    1.518523    .4996871          1          2
     st20qd3 |      8,233    1.723309    .4473897          1          2
     st20qd4 |      8,233    1.916434    .2767529          1          2
     st20qd5 |      8,233    1.881817    .3228442          1          2
-------------+---------------------------------------------------------
     st20qd6 |      8,233    1.845621    .3613333          1          2
     st20qe1 |      8,226      1.9814    .1351142          1          2
     st20qe2 |      8,233    1.157658    .3644424          1          2
     st20qe3 |      8,233    1.682983    .4653423          1          2
     st20qe4 |      8,233     1.95518    .2069203          1          2
-------------+---------------------------------------------------------
     st20qe5 |      8,233    1.880724    .3241328          1          2
     st20qe6 |      8,233    1.761205    .4263732          1          2
     st20qf1 |      8,222    1.877524     .327855          1          2
     st20qf2 |      8,233    1.370339    .4829248          1          2
     st20qf3 |      8,233    1.743836    .4365401          1          2
-------------+---------------------------------------------------------
     st20qf4 |      8,233    1.931617    .2524179          1          2
     st20qf5 |      8,233    1.881453    .3232747          1          2
     st20qf6 |      8,233    1.751488    .4321765          1          2
     st20qg1 |      8,227    1.945667     .226688          1          2
     st20qg2 |      8,233     1.20685     .405072          1          2
-------------+---------------------------------------------------------
     st20qg3 |      8,233    1.731932    .4429799          1          2
     st20qg4 |      8,233    1.964897    .1840504          1          2
     st20qg5 |      8,233    1.930159    .2548941          1          2
     st20qg6 |      8,233    1.786348    .4099091          1          2
     st20qh1 |      8,223    1.985285    .1204162          1          2
-------------+---------------------------------------------------------
     st20qh2 |      8,233    1.198955    .3992387          1          2
     st20qh3 |      8,233    1.580347     .493532          1          2
     st20qh4 |      8,233    1.798129    .4014205          1          2
     st20qh5 |      8,233    1.541115     .498337          1          2
     st20qh6 |      8,233    1.652132    .4763229          1          2
-------------+---------------------------------------------------------
     st21q01 |      8,178    2.446931    .9050203          1          4
     st21q02 |      8,173    2.401321    .9528576          1          4
     st21q03 |      8,160    2.508456    .9131562          1          4
     st21q04 |      8,151    2.041713    .9226408          1          4
     st21q05 |      8,171    2.264839    .9785264          1          4
-------------+---------------------------------------------------------
     st21q06 |      8,157    2.649136    .9052613          1          4
     st21q07 |      8,171    2.523314      .95494          1          4
     st21q08 |      8,177    2.728751    .9202794          1          4
     st22q01 |      8,163    2.790763    .8644057          1          4
     st22q02 |      8,150    2.280613    .7651795          1          4
-------------+---------------------------------------------------------
     st22q03 |      8,146    2.899828     .806531          1          4
     st22q04 |      8,152    2.532262    .7713362          1          4
     st22q05 |      8,167    3.207543    .8219687          1          4
     st23qa1 |      8,219      1.9854    .1199537          1          2
     st23qa2 |      8,233    1.169562    .3752699          1          2
-------------+---------------------------------------------------------
     st23qa3 |      8,233    1.437993    .4961704          1          2
     st23qa4 |      8,233    1.916069    .2773004          1          2
     st23qa5 |      8,233    1.797522    .4018708          1          2
     st23qa6 |      8,233    1.686141     .464088          1          2
     st23qb1 |      8,219    1.968001    .1760081          1          2
-------------+---------------------------------------------------------
     st23qb2 |      8,233    1.267096    .4424697          1          2
     st23qb3 |      8,233    1.517308    .4997307          1          2
     st23qb4 |      8,233    1.959189     .197865          1          2
     st23qb5 |      8,233    1.841127    .3655797          1          2
     st23qb6 |      8,233    1.771043    .4201868          1          2
-------------+---------------------------------------------------------
     st23qc1 |      8,215    1.986732    .1144288          1          2
     st23qc2 |      8,233    1.185959    .3890972          1          2
     st23qc3 |      8,233    1.502611    .5000235          1          2
     st23qc4 |      8,233    1.939026    .2392974          1          2
     st23qc5 |      8,233    1.878781     .326402          1          2
-------------+---------------------------------------------------------
     st23qc6 |      8,233    1.678368    .4671312          1          2
     st23qd1 |      8,216    1.979309    .1423575          1          2
     st23qd2 |      8,233    1.197498    .3981353          1          2
     st23qd3 |      8,233    1.562128    .4961552          1          2
     st23qd4 |      8,233    1.945706    .2266101          1          2
-------------+---------------------------------------------------------
     st23qd5 |      8,233     1.88619       .3176          1          2
     st23qd6 |      8,233    1.743228    .4368788          1          2
     st23qe1 |      8,209    1.954075    .2093357          1          2
     st23qe2 |      8,233     1.31313     .463795          1          2
     st23qe3 |      8,233    1.539415    .4984743          1          2
-------------+---------------------------------------------------------
     st23qe4 |      8,233     1.95348    .2106214          1          2
     st23qe5 |      8,233     1.83639    .3699436          1          2
     st23qe6 |      8,233    1.786591    .4097392          1          2
     st23qf1 |      8,217    1.881465    .3232599          1          2
     st23qf2 |      8,233    1.334386     .471804          1          2
-------------+---------------------------------------------------------
     st23qf3 |      8,233    1.668408     .470814          1          2
     st23qf4 |      8,233    1.974129    .1587615          1          2
     st23qf5 |      8,233    1.937568    .2419526          1          2
     st23qf6 |      8,233    1.794971     .403747          1          2
     st24q01 |      8,144    1.360142    .6822878          1          4
-------------+---------------------------------------------------------
     st24q02 |      8,129    1.635503    .8112304          1          4
     st24q03 |      8,131    1.666093    .8397008          1          4
     st24q04 |      8,124    1.691777    .8397524          1          4
     st24q05 |      8,140    1.672604    .8866521          1          4
     st24q06 |      8,127     1.90267    .8975321          1          4
-------------+---------------------------------------------------------
     st25q01 |      8,173    2.335128    .8137256          1          3
     st25q02 |      8,165    2.156154    .7923804          1          3
     st25q03 |      8,165    2.287201    .7764219          1          3
     st25q04 |      8,173    2.413557    .7522342          1          3
     st25q05 |      8,160    2.082108    .7405893          1          3
-------------+---------------------------------------------------------
     st25q06 |      8,161    2.245681    .7495432          1          3
     st26q01 |      8,154    1.737797    .6006467          1          4
     st26q02 |      8,162    2.121049    .7535729          1          4
     st26q03 |      8,135    2.171727    .8007171          1          4
     st26q04 |      8,142    1.788873    .7119172          1          4
-------------+---------------------------------------------------------
     st26q05 |      8,138    1.662325    .6378027          1          4
     st26q06 |      8,158    1.535425    .6413543          1          4
     st26q07 |      8,144    1.864931    .7366999          1          4
     st27q01 |      8,162    1.920608    .6071657          1          4
     st27q02 |      8,155    1.998038    .6592643          1          4
-------------+---------------------------------------------------------
     st27q03 |      8,157    2.114013    .7743092          1          4
     st27q04 |      8,155    2.030043    .7038595          1          4
     st28q01 |      8,160    2.276103    .7185784          1          4
     st28q02 |      8,159    2.215345    .7720477          1          4
     st28q03 |      8,158    2.360873    .8120998          1          4
-------------+---------------------------------------------------------
     st28q04 |      8,154    2.539858    .8053198          1          4
     st29q01 |      8,161    2.547727    .8960466          1          4
     st29q02 |      8,153    2.600147    .9005014          1          4
     st29q03 |      8,144    2.912328    .8298291          1          4
     st29q04 |      8,147    2.781024    .8705388          1          4
-------------+---------------------------------------------------------
     st30q01 |          0
     st31q01 |      8,001    3.082615    1.409184          1          5
     st31q02 |      8,042    1.631186    .8800811          1          5
     st31q03 |      8,038    2.144688    1.003213          1          5
     st31q04 |      8,024    3.707004     1.12034          1          5
-------------+---------------------------------------------------------
     st31q05 |      8,049    1.929308    .9954404          1          5
     st31q06 |      8,054    2.505091    .9991485          1          5
     st31q07 |      8,017    3.656231    1.134899          1          5
     st31q08 |      8,062    1.731456     .923148          1          5
     st31q09 |      8,067    2.293542    .9285732          1          5
-------------+---------------------------------------------------------
     st31q10 |      8,009    3.541641    1.183488          1          5
     st31q11 |      8,053    1.841053    1.003134          1          5
     st31q12 |      8,064    2.371404    1.015485          1          5
     st32q01 |      8,030    1.852553    .3545731          1          2
     st32q02 |      8,026    1.798405    .4012162          1          2
-------------+---------------------------------------------------------
     st32q03 |      8,012    1.818397    .3855407          1          2
     st32q04 |      8,012    1.848977    .3580941          1          2
     st32q05 |      8,022    1.708053    .4546865          1          2
     st32q06 |      8,020    1.794763    .4038998          1          2
     st33q11 |      7,619     1.33154    .4707974          1          2
-------------+---------------------------------------------------------
     st33q12 |      7,409    1.548252    .4976999          1          2
     st33q21 |      7,496    1.832844    .3731398          1          2
     st33q22 |      7,461    1.805924    .3955141          1          2
     st33q31 |      7,408    1.522003    .4995493          1          2
     st33q32 |      7,459    1.512267     .499883          1          2
-------------+---------------------------------------------------------
     st33q41 |      7,431    1.904185    .2943569          1          2
     st33q42 |      7,485    1.846627    .3603711          1          2
     st33q51 |      7,472    1.662473    .4728979          1          2
     st33q52 |      7,506    1.695577    .4601933          1          2
     st33q61 |      7,429    1.925697    .2622817          1          2
-------------+---------------------------------------------------------
     st33q62 |      7,497    1.878351    .3269014          1          2
     st33q71 |      7,436    1.691904    .4617374          1          2
     st33q72 |      7,527    1.640096     .480004          1          2
     st33q81 |      7,401    1.929064    .2567359          1          2
     st33q82 |      7,522    1.869583    .3367845          1          2
-------------+---------------------------------------------------------
     st34q01 |      7,394    2.272924    .8746114          1          4
     st34q02 |      7,387    2.595776    .7748927          1          4
     st34q03 |      7,368    2.727742    .8523277          1          4
     st34q04 |      7,369     2.58339    .8749908          1          4
     st34q05 |      7,356    2.524878    .9021801          1          4
-------------+---------------------------------------------------------
     st34q06 |      7,364    2.260728    .8510886          1          4
     st34q07 |      7,375    2.183864    .8772414          1          4
     st34q08 |      7,373     3.11949    .9111155          1          4
     st34q09 |      7,365    2.713917    .8900915          1          4
     st34q10 |      7,359    2.545319    .8094169          1          4
-------------+---------------------------------------------------------
     st34q11 |      7,330    3.060982    .8797025          1          4
     st34q12 |      7,339    2.529091     .888169          1          4
     st34q13 |      7,339    2.480719    .8882828          1          4
     st34q14 |      7,340    2.205041    .8417837          1          4
     st34q15 |      7,345    2.401089    .8752833          1          4
-------------+---------------------------------------------------------
     st34q16 |      7,344    2.781182    .8806915          1          4
     st34q17 |      7,351    2.568086    .8778199          1          4
     st35q01 |      7,389    2.039518    .7906517          1          4
     st35q02 |      7,385    2.197833    .8362686          1          4
     st35q03 |      7,373    2.086532    .7881027          1          4
-------------+---------------------------------------------------------
     st35q04 |      7,375    2.135458    .8148072          1          4
     st35q05 |      7,379    2.191489    .8286698          1          4
     st36q01 |      7,381    1.875356    .8778613          1          4
     st36q02 |      7,384    1.444339    .6518525          1          4
     st36q03 |      7,389    1.534984    .7105637          1          4
-------------+---------------------------------------------------------
     st37q01 |      7,366    2.526066    .8246454          1          4
     st37q02 |      7,377    2.431341    .7976948          1          4
     st37q03 |      7,378    2.392383    .8036999          1          4
     st37q04 |      7,378    2.550691    .8154617          1          4
     st37q05 |      7,379    2.298956    .7707113          1          4
-------------+---------------------------------------------------------
     st37q06 |      7,372    2.388226    .8132416          1          4
     ic01q01 |          0
     ic02q01 |          0
     ic03q01 |          0
     ic03q02 |          0
-------------+---------------------------------------------------------
     ic03q03 |          0
     ic04q01 |          0
     ic04q02 |          0
     ic04q03 |          0
     ic04q04 |          0
-------------+---------------------------------------------------------
     ic04q05 |          0
     ic04q06 |          0
     ic04q07 |          0
     ic04q08 |          0
     ic04q09 |          0
-------------+---------------------------------------------------------
     ic04q10 |          0
     ic04q11 |          0
     ic05q01 |          0
     ic05q02 |          0
     ic05q03 |          0
-------------+---------------------------------------------------------
     ic05q04 |          0
     ic05q05 |          0
     ic05q06 |          0
     ic05q07 |          0
     ic05q08 |          0
-------------+---------------------------------------------------------
     ic05q09 |          0
     ic05q10 |          0
     ic05q11 |          0
     ic05q12 |          0
     ic05q13 |          0
-------------+---------------------------------------------------------
     ic05q14 |          0
     ic05q15 |          0
     ic05q16 |          0
         age |      8,252    15.80006    .2909651      15.25      16.33
      iscedl |      8,251     2.77021    .4207234          2          3
-------------+---------------------------------------------------------
      iscedd |      8,251    2.631802    1.494289          1          4
      iscedo |      8,251     1.03442    .1823166          1          2
       progn |          0
        bmmj |      6,254    44.22258    15.93727         16         90
        bfmj |      7,015    42.83607    16.36881         16         88
-------------+---------------------------------------------------------
        bsmj |      6,809    60.99824    17.08821         16         90
       hisei |      7,787    47.96507    16.16524         16         90
    msecateg |      6,254    1.908219    .9945733          1          4
    fsecateg |      7,015    2.318746    1.212595          1          4
    hsecateg |      7,787    1.814563    1.001811          1          4
-------------+---------------------------------------------------------
       src_m |      7,461    .0954296    .2938271          0          1
       src_f |      7,104    .0798142    .2710244          0          1
       src_e |      7,911    .1451144    .3522384          0          1
       src_s |      8,191     .306556    .4610915          0          1
      misced |      8,138    3.490415    1.784085          0          6
-------------+---------------------------------------------------------
      fisced |      7,879    3.488641    1.803664          0          6
      hisced |      8,168    3.890916    1.691884          0          6
       pared |      8,168    12.09145    3.261935          3         16
      cobn_m |          0
      cobn_f |          0
-------------+---------------------------------------------------------
      cobn_s |          0
       immig |      8,056    1.408019    .6949174          1          3
       langn |          0
     carinfo |      8,166    .2995923    .9478963    -2.4382     2.5298
     carprep |      8,168    .0694839    .9354569    -2.9218     1.9563
-------------+---------------------------------------------------------
    cultposs |      8,175   -.1916291    .9685318     -1.592     1.1655
    envaware |      8,175    .1661969    .9782701    -3.4427     3.0066
      envopt |      8,182    .2159304    1.063068    -1.6054     2.8518
     envperc |      8,167   -.0411437    1.039771    -4.1087     1.3916
     genscie |      8,187    .3324109     1.07032    -3.6618     2.1867
-------------+---------------------------------------------------------
      hedres |      8,207    -.186156    .8602015    -4.3543      .8176
     homepos |      8,215   -.2401726    .9675602    -5.8828     3.7796
    instscie |      7,396     .236166    .9290418    -2.1025     1.8212
     intscie |      8,184    .1085447    1.036936    -3.1448     3.2888
     joyscie |      8,197    .1534414    .9801251    -2.1517     2.0562
-------------+---------------------------------------------------------
     perscie |      8,185    .3949854    .9767931    -3.0797     2.5264
     respdev |      8,173   -.0300948    .9453997    -3.9991     2.3029
     scapply |      7,390    .2435914    1.011016    -2.4581     2.6335
     schands |      7,401    .5215981    .8978487    -2.1023     2.9082
     scieact |      8,190    .0645433    1.022084    -1.6907     3.3797
-------------+---------------------------------------------------------
     scieeff |      8,189    .1433549    1.059284    -3.7682      3.223
     sciefut |      8,170    .2524742    .9395593    -1.4186     2.2714
    scintact |      7,407    .0597618    .9536334    -2.5098     2.4735
    scinvest |      7,388    .3783893    .9746841     -1.259     3.0265
      scscie |      7,394    .0109612    1.033474    -2.3632     2.2442
-------------+---------------------------------------------------------
      wealth |      8,215    -.108077    .8413971    -4.4757     2.6421
    highconf |          0
     intconf |          0
      intuse |          0
      prguse |          0
-------------+---------------------------------------------------------
        escs |      8,193   -.2397437     1.00232    -3.1743     2.4947
     pv1math |      8,252     509.478    98.76949   174.0069   819.6682
     pv2math |      8,252    508.7698    97.99961   138.1757   866.4044
     pv3math |      8,252    508.8331    98.98756   187.5604   818.1103
     pv4math |      8,252     509.539    98.01579   177.9794   839.2195
-------------+---------------------------------------------------------
     pv5math |      8,252    509.0377    98.87541   164.5817   842.5689
     pv1read |      3,763    537.8525    81.58301   213.4776    784.109
     pv2read |      3,763    536.4338    81.31105   198.7192   794.1915
     pv3read |      3,763    537.6901    82.38221   208.6651   768.5377
     pv4read |      3,763    537.6727    81.51992    216.686   772.9867
-------------+---------------------------------------------------------
     pv5read |      3,763    537.5107    81.56465   188.6128   762.9099
     pv1scie |      8,252    514.1496    103.5791   126.2944   822.0535
     pv2scie |      8,252    513.6694    103.0187   165.7926   842.3925
     pv3scie |      8,252    514.2256     103.642   139.7623   833.5758
     pv4scie |      8,252    514.4936    103.2633   160.1014   829.8906
-------------+---------------------------------------------------------
     pv5scie |      8,252    513.8663    103.3675   126.6072   812.1289
     pv1intr |      8,252    505.3488    107.1611    48.0302   961.7194
     pv2intr |      8,252    505.1633    106.3366     1.1454   944.4714
     pv3intr |      8,252    505.4078    107.4011    48.0302   929.0184
     pv4intr |      8,252    505.0412    107.5127    42.6719   927.7597
-------------+---------------------------------------------------------
     pv5intr |      8,252    506.2882    107.0455      3.378   984.0612
     pv1supp |      8,252    507.7985    100.7125     2.8024   917.3862
     pv2supp |      8,252    508.0604    101.5287       .505   885.6825
     pv3supp |      8,252    508.3917    101.0556       .505   961.4958
     pv4supp |      8,252    509.0991    100.9383       .505   961.4958
-------------+---------------------------------------------------------
     pv5supp |      8,252    509.4504    101.1828    35.3709   961.4958
      pv1eps |      8,252    515.9417    107.4005    92.1801   847.7494
      pv2eps |      8,252     515.827    107.3302    69.7885   850.5095
      pv3eps |      8,252    516.3504     107.223    31.5362   862.4825
      pv4eps |      8,252    515.5366    107.4119          0   861.7365
-------------+---------------------------------------------------------
      pv5eps |      8,252    515.8343    107.3223    16.6084   819.5887
      pv1isi |      8,252     509.424    101.3596     5.8188    835.534
      pv2isi |      8,252    509.4803    101.7436      .9699   829.0509
      pv3isi |      8,252    510.1621    101.6754    97.3877   827.3283
      pv4isi |      8,252    509.2621     101.547    84.3331   813.2479
-------------+---------------------------------------------------------
      pv5isi |      8,252    509.4643    101.4891    68.4811   858.0999
      pv1use |      8,252    513.8531    111.8144    97.3877     875.98
      pv2use |      8,252    513.8409    112.0111    99.2527   837.7276
      pv3use |      8,252    514.2282    111.4111   122.0356   879.7119
      pv4use |      8,252    513.5067    111.9349    90.3141   830.9649
-------------+---------------------------------------------------------
      pv5use |      8,252    513.6121    112.0296     79.025   833.8556
    w_fstuwt |      8,252    355.6942    377.2009    11.2924   2238.808
     w_fstr1 |      8,252    351.2725    438.2021     5.8381   3499.768
     w_fstr2 |      8,252     353.151    457.0523     5.5864   3274.765
     w_fstr3 |      8,252    357.3501    467.6594     4.2702   3252.543
-------------+---------------------------------------------------------
     w_fstr4 |      8,252    353.4364    469.8989     4.2702   3090.179
     w_fstr5 |      8,252    355.7778    455.2025     5.7583   3308.984
     w_fstr6 |      8,252    344.0507    421.9123     4.2702   3214.111
     w_fstr7 |      8,252     359.787    455.3981     4.2702   3161.363
     w_fstr8 |      8,252    354.3522    458.1873     5.7317   3348.817
-------------+---------------------------------------------------------
     w_fstr9 |      8,252    364.9825    496.4522     5.7057   3383.014
    w_fstr10 |      8,252    361.5383    458.4088     4.2702   3214.111
    w_fstr11 |      8,252    362.3608    473.9561     4.2702   3214.111
    w_fstr12 |      8,252    369.5217     487.714     4.2702   3260.878
    w_fstr13 |      8,252    361.9325    465.8925     4.2702    2949.62
-------------+---------------------------------------------------------
    w_fstr14 |      8,252    356.9381    455.5042     5.2733   3340.823
    w_fstr15 |      8,252    351.4211    455.1088     4.2702   3599.178
    w_fstr16 |      8,252    355.8398    474.1668      5.585   3381.188
    w_fstr17 |      8,252    364.3204    485.2369     4.2702   3292.813
    w_fstr18 |      8,252    374.7733     504.401     5.2733   3351.846
-------------+---------------------------------------------------------
    w_fstr19 |      8,252    352.5125    464.8242     5.6083   3635.985
    w_fstr20 |      8,252    356.1999    452.9548     6.0327   3348.817
    w_fstr21 |      8,252    365.8395    480.2004      5.585   3099.361
    w_fstr22 |      8,252    357.3795    460.9802     5.9017   3531.074
    w_fstr23 |      8,252    355.0415    460.8462     4.2702   3140.777
-------------+---------------------------------------------------------
    w_fstr24 |      8,252    357.4559    469.1276     4.2702   3692.687
    w_fstr25 |      8,252    355.5376    472.4771     5.3651   3246.871
    w_fstr26 |      8,252    358.7904    474.5334     4.2702   3308.984
    w_fstr27 |      8,252     366.195    489.9638     4.2702   3308.984
    w_fstr28 |      8,252    354.9437    452.7382     5.7064    3233.29
-------------+---------------------------------------------------------
    w_fstr29 |      8,252    352.6083    452.0489     5.9014   3283.147
    w_fstr30 |      8,252    359.4967    470.5028     4.2702   3514.266
    w_fstr31 |      8,252     361.969    475.5235     4.2702   3381.188
    w_fstr32 |      8,252    354.4751    443.6377     4.2702    3147.61
    w_fstr33 |      8,252    362.2678    484.5338     4.2702   3499.768
-------------+---------------------------------------------------------
    w_fstr34 |      8,252    362.1339    484.3584     5.7097   3383.014
    w_fstr35 |      8,252    359.2572    456.8566     4.2702   3499.768
    w_fstr36 |      8,252    342.4545    424.2284     5.2733   3057.885
    w_fstr37 |      8,252    348.1279    435.3919     4.2702   3558.031
    w_fstr38 |      8,252    346.3557    420.7037     5.6372     3047.6
-------------+---------------------------------------------------------
    w_fstr39 |      8,252    358.0936    456.7516      5.733   3348.817
    w_fstr40 |      8,252    363.3401     478.866     5.7103   3292.813
    w_fstr41 |      8,252    345.7674    415.9262     5.8604   3499.768
    w_fstr42 |      8,252    349.4345    445.0042     5.5851   3274.765
    w_fstr43 |      8,252    354.0857    462.6333     4.2702   3450.763
-------------+---------------------------------------------------------
    w_fstr44 |      8,252    358.0023    461.1505     4.2702   3090.179
    w_fstr45 |      8,252    353.2165    436.8154     5.3651   3308.984
    w_fstr46 |      8,252    344.9823    421.7688     4.2702   3214.111
    w_fstr47 |      8,252    352.7685    430.6314     4.2702   3161.363
    w_fstr48 |      8,252    356.6248    459.2026      5.733   3348.817
-------------+---------------------------------------------------------
    w_fstr49 |      8,252    357.3165    470.0147     5.7097   3317.266
    w_fstr50 |      8,252    352.1918    442.4756     4.2702   3214.111
    w_fstr51 |      8,252    354.5584    457.1901     4.2702   3641.944
    w_fstr52 |      8,252    354.0051     459.243     4.2702   3489.235
    w_fstr53 |      8,252    354.3579    447.1639     4.2702    2949.62
-------------+---------------------------------------------------------
    w_fstr54 |      8,252    351.0419    440.3271      5.776   3340.823
    w_fstr55 |      8,252    352.6341    451.0529     4.2702   3595.456
    w_fstr56 |      8,252    354.1306    466.6244     5.2733   3489.235
    w_fstr57 |      8,252    359.9209    477.0772     4.2702   3450.763
    w_fstr58 |      8,252    365.9595    486.4378     5.7057   3595.456
-------------+---------------------------------------------------------
    w_fstr59 |      8,252    352.2341    451.2524     5.7064   3553.227
    w_fstr60 |      8,252    347.3339     439.274     5.7732   3348.817
    w_fstr61 |      8,252    357.1977     465.144     5.5862   3641.944
    w_fstr62 |      8,252    355.8797    443.5982     5.6124   3193.713
    w_fstr63 |      8,252    356.9333    456.0771     4.2702   3140.777
-------------+---------------------------------------------------------
    w_fstr64 |      8,252    357.3841    448.1004     4.2702   3381.188
    w_fstr65 |      8,252    355.3849    469.3702     5.5862   3450.763
    w_fstr66 |      8,252    362.2326    483.5277     4.2702   3489.235
    w_fstr67 |      8,252    358.6014     470.635     4.2702   3450.763
    w_fstr68 |      8,252     355.607    456.4954     5.7103   3136.936
-------------+---------------------------------------------------------
    w_fstr69 |      8,252    347.8425     416.467     5.8602   3283.147
    w_fstr70 |      8,252    354.6117    452.8117     4.2702   3514.266
    w_fstr71 |      8,252    352.9032    454.9759     4.2702   3381.188
    w_fstr72 |      8,252    348.9498    422.5255     4.2702    3147.61
    w_fstr73 |      8,252    356.5549    461.8636     4.2702   3499.768
-------------+---------------------------------------------------------
    w_fstr74 |      8,252     358.427    468.5984     5.2733   3317.266
    w_fstr75 |      8,252    365.2771    457.2032     4.2702   3499.768
    w_fstr76 |      8,252    345.8157    426.2474     5.9624   3057.885
    w_fstr77 |      8,252     342.692    415.2007     4.2702   3173.574
    w_fstr78 |      8,252    346.1468     419.465     5.2733     3047.6
-------------+---------------------------------------------------------
    w_fstr79 |      8,252    350.8942    441.9919     5.6124   3348.817
    w_fstr80 |      8,252    355.9803    457.2959     5.7064   3292.813
      cntfac |      8,252     .029041     .030008   .0015682   .0618141
      subfac |      8,252     .029041     .030008   .0015682   .0618141
    wvarstrr |      8,252    38.85773    22.46549          1         78
-------------+---------------------------------------------------------
    randunit |      8,252    1.499031    .5065314          1          3
     stratum |          0
    testlang |          0
    clcuse3a |      7,925    7.956719     1.66413          1         10
    clcuse3b |      7,922    9.291214    1.270069          1         10
-------------+---------------------------------------------------------
     deffort |      7,911    1.334345    1.593629         -9          9
     s421q02 |          0
     s456q01 |          0
     s456q02 |          0
     ver_stu |          0

. * non-numeric variables = 24
. 
. * PROBLEM 4
. * Drop all student weight data.
. drop w_*

. 
. * PROBLEM 5
. * Analyse grade data by country.
. tabulate st01q01 if cnt == "USA"

   grade q1 |      Freq.     Percent        Cum.
------------+-----------------------------------
          7 |         10        0.22        0.22
          8 |         18        0.40        0.62
          9 |        497       11.07       11.70
         10 |      3,210       71.52       83.22
         11 |        748       16.67       99.89
         12 |          5        0.11      100.00
------------+-----------------------------------
      Total |      4,488      100.00

. tabulate st01q01 if cnt =="HKG"

   grade q1 |      Freq.     Percent        Cum.
------------+-----------------------------------
          7 |         89        2.37        2.37
          8 |        344        9.14       11.51
          9 |        939       24.95       36.46
         10 |      2,387       63.43       99.89
         11 |          4        0.11      100.00
------------+-----------------------------------
      Total |      3,763      100.00

. * In both countries, 10th grade is the most common grade level tested.
. 
. * PROBLEM 6
. * Drop student data for those who are not in grades 9 or 10.
. drop if st01q01 <=8 | st01q01 >=11
(1,219 observations deleted)

. 
. * PROBLEM 7
. * Summarise maths & science PISA scores.
. * USA
. gen pv1math_USA = pv1math if cnt == "USA"
(3,326 missing values generated)

. sum pv1math_USA, detail                                         //* mean = 471

                         pv1math_USA
-------------------------------------------------------------
      Percentiles      Smallest
 1%     274.5677       181.0173
 5%      330.028       186.7814
10%     356.9793       205.8654       Obs               3,707
25%     408.5449       220.2757       Sum of Wgt.       3,707

50%     469.2242                      Mean           471.4222
                        Largest       Std. Dev.      88.79942
75%     533.0192       725.4167
90%     587.5448       726.5851       Variance       7885.337
95%     622.7528       730.8693       Skewness       .0640888
99%       671.67        808.763       Kurtosis        2.73165

. * 90th percentile for math is 588
. gen pv1scie_USA = pv1scie if cnt == "USA"
(3,326 missing values generated)

. sum pv1scie_USA, detail                                         //* mean = 485

                         pv1scie_USA
-------------------------------------------------------------
      Percentiles      Smallest
 1%      254.426       163.9266
 5%     315.2566       182.3997
10%     346.6048       203.0186       Obs               3,707
25%      406.689       204.8846       Sum of Wgt.       3,707

50%     484.3133                      Mean           484.6993
                        Largest       Std. Dev.      105.7432
75%     562.3107       783.8011
90%     622.0217       784.2676       Variance       11181.63
95%     655.5158       790.0521       Skewness       .0380912
99%     726.6092       822.0535       Kurtosis       2.567767

. 
. * Hong Kong
. gen pv1math_HKG = pv1math if cnt == "HKG"
(3,707 missing values generated)

. sum pv1math_HKG, detail                                         //* mean = 560

                         pv1math_HKG
-------------------------------------------------------------
      Percentiles      Smallest
 1%     344.6721       244.8123
 5%     403.7155       252.9132
10%     440.4814       265.8436       Obs               3,326
25%     501.2385        267.012       Sum of Wgt.       3,326

50%     564.2935                      Mean           560.2985
                        Largest       Std. Dev.      89.64636
75%     624.3106       797.8579
90%       671.67        804.401       Variance        8036.47
95%     695.1161       811.0999       Skewness      -.2876721
99%     749.7196       819.6682       Kurtosis       2.922153

. * 90th percentile for math is 672
. gen pv1scie_HKG = pv1scie if cnt == "HKG"
(3,707 missing values generated)

. sum pv1scie_HKG, detail                                         //* mean = 555

                         pv1scie_HKG
-------------------------------------------------------------
      Percentiles      Smallest
 1%      336.101       201.8248
 5%     399.8823       245.3713
10%      436.342        276.143       Obs               3,326
25%      498.911       277.3552       Sum of Wgt.       3,326

50%     560.7339                      Mean            554.732
                        Largest       Std. Dev.      87.31785
75%     617.3351       780.4248
90%     662.9331       790.8685       Variance       7624.406
95%     686.4315       795.6241       Skewness      -.3305087
99%     729.1388       812.3154       Kurtosis       2.896331

. 
. * It's not possible to compare reading scores because there are no reading
. * scores recorded for students in the USA.
. gen pv1read_USA = pv1read if cnt == "USA"
(7,033 missing values generated)

. sum pv1read_USA, detail

                         pv1read_USA
-------------------------------------------------------------
no observations

. 
. 
. * PROBLEM 8
. * Rename the following variables.
. rename st06q01 momed  //* Mother's Education

. rename st09q01 fathed //* Father's Education

. rename st01q01 grade  

. rename st04q01 gender

. 
. * PROBLEM 9
. * Create a new variable for ages 15 to 16 called age2.
. tabulate age

     age of |
    student |      Freq.     Percent        Cum.
------------+-----------------------------------
      15.25 |         53        0.75        0.75
      15.33 |        423        6.01        6.77
      15.42 |        702        9.98       16.75
       15.5 |        668        9.50       26.25
      15.58 |        639        9.09       35.33
      15.67 |        630        8.96       44.29
      15.75 |        705       10.02       54.32
      15.83 |        638        9.07       63.39
      15.92 |        613        8.72       72.10
         16 |        565        8.03       80.14
      16.08 |        485        6.90       87.03
      16.17 |        440        6.26       93.29
      16.25 |        364        5.18       98.46
      16.33 |        108        1.54      100.00
------------+-----------------------------------
      Total |      7,033      100.00

. gen age2 = 0

. replace age2 = 15 if age >= 15 & age <16
(5,071 real changes made)

. replace age2 = 16 if age >=16 & age <17
(1,962 real changes made)

. replace age2 = . if age2 == 0
(0 real changes made)

. tabulate age2

       age2 |      Freq.     Percent        Cum.
------------+-----------------------------------
         15 |      5,071       72.10       72.10
         16 |      1,962       27.90      100.00
------------+-----------------------------------
      Total |      7,033      100.00

. 
. * PROBLEM 10
. * Label age2.
. label var age2 "students ages 15 and 16"

. 
. * PROBLEM 11
. * Look at top science scores in the USA
. drop if cnt == "HKG"
(3,326 observations deleted)

. gen neg_pv1scie = -pv1scie

. sort neg_pv1scie

. summarize pv1scie in 1/250

    Variable |        Obs        Mean    Std. Dev.       Min        Max
-------------+---------------------------------------------------------
     pv1scie |        250     683.674    36.05962   643.3871   822.0535

. * The mean science score for the top 250 US students is 684.
. 
. * PROBLEM 12
. * (saving and closing log file)
. 
. 
. 
. 
end of do-file

. log close
      name:  <unnamed>
       log:  /Users/jenniferjackson/Desktop/PS1.log
  log type:  text
 closed on:  14 Feb 2019, 13:21:22
--------------------------------------------------------------------------------------------
