---------------------------------------------------------------------------------------
      name:  <unnamed>
       log:  /Users/jenniferjackson/Desktop/NYU/Large Databases/PS10/JenniferJackson_PS
> 10.log
  log type:  text
 opened on:   2 May 2019, 15:31:12

. 
. * PROBLEM 1 ~~~~~~~~~~~~~~~~~~~~~~~~~~~~~~~~~~~~~~~~~~~~~~~~~~~~~~~~~~~~~~~~~~~~     
>                            
. use "Texas_elementary_panel_2004_2007.dta", clear

. 
. * (a)
. rename cpemallp mobility

. tabstat mobility

    variable |      mean
-------------+----------
    mobility |  20.15625
------------------------

. * The average is 20%.
. 
. * Declare the dataset to be a panel:
. xtset campus year
       panel variable:  campus (unbalanced)
        time variable:  year, 2004 to 2007, but with gaps
                delta:  1 unit

. 
. xtsum mobility

Variable         |      Mean   Std. Dev.       Min        Max |    Observations
-----------------+--------------------------------------------+----------------
mobility overall |  20.15625   9.892888          0        100 |     N =   16072
         between |             10.56573          0        100 |     n =    4302
         within  |             2.926674  -7.643754   70.18124 | T-bar = 3.73594

. * The variance of mobility is approximately 13 times higher between schools than
. * within schools. We can tell this by looking at the standard deviation given in
. * the table. Squaring the standard deviation gives a between-school variance of
. * approximately 121 squared percentage points versus a within-school variance
. * of approximately only 9 squared percentage points.
. 
. 
. * (b)
. rename ca311tar avgpassing

. 
. * Model 1 - Simple Regression
. reg avgpassing mobility

      Source |       SS           df       MS      Number of obs   =    15,831
-------------+----------------------------------   F(1, 15829)     =   3341.83
       Model |  525812.917         1  525812.917   Prob > F        =    0.0000
    Residual |  2490582.58    15,829  157.343015   R-squared       =    0.1743
-------------+----------------------------------   Adj R-squared   =    0.1743
       Total |   3016395.5    15,830  190.549305   Root MSE        =    12.544

------------------------------------------------------------------------------
  avgpassing |      Coef.   Std. Err.      t    P>|t|     [95% Conf. Interval]
-------------+----------------------------------------------------------------
    mobility |  -.7570524   .0130959   -57.81   0.000    -.7827218    -.731383
       _cons |   90.29461    .276085   327.05   0.000     89.75345    90.83576
------------------------------------------------------------------------------

. * The model for this regression is: avgpassing = - 0.76(mobility) + 90.29
. * These values are statistically significant, so the model can be interpreted as
. * for each percentage point increase in mobility, the passing rate decreases by 
. * almost one percentage point.
. 
. * (c)
. * Model 2 - Adding Covariates
. * Adding: %black(cpetblap), %white(cpetwhip), %Hispanic(cpethisp),
. * %API(cpetpacp), LEP(cpetlepp), econ. disadvantaged(cpetecop), year dummy,
. * charter school dummy
. encode charter, generate(chart)

. * charter school = 2, non-charter school = 1
. reg avgpassing mobility cpetblap cpetwhip cpethisp cpetpacp cpetlepp cpetecop i.year 
> chart

      Source |       SS           df       MS      Number of obs   =    15,831
-------------+----------------------------------   F(11, 15819)    =   1352.25
       Model |  1461799.22        11  132890.838   Prob > F        =    0.0000
    Residual |  1554596.28    15,819  98.2739918   R-squared       =    0.4846
-------------+----------------------------------   Adj R-squared   =    0.4843
       Total |   3016395.5    15,830  190.549305   Root MSE        =    9.9133

------------------------------------------------------------------------------
  avgpassing |      Coef.   Std. Err.      t    P>|t|     [95% Conf. Interval]
-------------+----------------------------------------------------------------
    mobility |   -.154835   .0129218   -11.98   0.000    -.1801632   -.1295068
    cpetblap |  -.1126589    .132749    -0.85   0.396     -.372862    .1475442
    cpetwhip |   .0036692   .1337051     0.03   0.978    -.2584081    .2657465
    cpethisp |   -.024419   .1326898    -0.18   0.854    -.2845061    .2356682
    cpetpacp |   .1840242   .1344267     1.37   0.171    -.0794674    .4475159
    cpetlepp |  -.0346067   .0059328    -5.83   0.000    -.0462356   -.0229779
    cpetecop |  -.2239953   .0064219   -34.88   0.000    -.2365829   -.2114077
             |
        year |
       2005  |   5.128405   .2240976    22.88   0.000     4.689149    5.567662
       2006  |   6.202251   .2243883    27.64   0.000     5.762424    6.642077
       2007  |   8.205008   .2227563    36.83   0.000      7.76838    8.641635
             |
       chart |  -9.614737   .5656196   -17.00   0.000    -10.72342   -8.506058
       _cons |   100.2343   13.29952     7.54   0.000      74.1657    126.3029
------------------------------------------------------------------------------

. * Adding these covariates has increased the mobility coefficient (it is now
. * -0.15) and it is still statistically significant.
. 
. * The coefficient for year 2006 is 6.2. For 2007 the coefficient is 8.21. This
. * means that, holding everything else constant, the passing rate in 2007 was
. * higher than in 2006. I.e., the passing rate has increased over time.
. 
. * (d)
. * Model 3 - Accounting for Fixed Effects
. xtreg avgpassing mobility cpetblap cpetwhip cpethisp cpetpacp cpetlepp cpetecop i.yea
> r chart, fe
note: chart omitted because of collinearity

Fixed-effects (within) regression               Number of obs     =     15,831
Group variable: campus                          Number of groups  =      4,230

R-sq:                                           Obs per group:
     within  = 0.2686                                         min =          1
     between = 0.3635                                         avg =        3.7
     overall = 0.3360                                         max =          4

                                                F(10,11591)       =     425.64
corr(u_i, Xb)  = -0.1789                        Prob > F          =     0.0000

------------------------------------------------------------------------------
  avgpassing |      Coef.   Std. Err.      t    P>|t|     [95% Conf. Interval]
-------------+----------------------------------------------------------------
    mobility |   .0001199   .0164214     0.01   0.994    -.0320688    .0323086
    cpetblap |   .4716524   .1832118     2.57   0.010     .1125264    .8307784
    cpetwhip |   .8245758   .1828345     4.51   0.000     .4661894    1.182962
    cpethisp |   .5498073   .1831797     3.00   0.003     .1907442    .9088704
    cpetpacp |    .485815   .1947972     2.49   0.013     .1039797    .8676504
    cpetlepp |  -.0384371   .0202018    -1.90   0.057     -.078036    .0011619
    cpetecop |  -.0044137   .0149642    -0.29   0.768    -.0337462    .0249187
             |
        year |
       2005  |   5.140079   .1291677    39.79   0.000     4.886888    5.393269
       2006  |   6.213418   .1367483    45.44   0.000     5.945368    6.481468
       2007  |   8.746184   .1438239    60.81   0.000     8.464265    9.028103
             |
       chart |          0  (omitted)
       _cons |   8.160892   18.19902     0.45   0.654    -27.51225    43.83404
-------------+----------------------------------------------------------------
     sigma_u |  10.487493
     sigma_e |   5.574416
         rho |   .7797125   (fraction of variance due to u_i)
------------------------------------------------------------------------------
F test that all u_i=0: F(4229, 11591) = 9.31                 Prob > F = 0.0000

. * The mobility coefficient is 0.0001199, which is now positive, but no longer
. * statistically significant. It makes sense that the mobility coeffecient is no
. * longer statistically significant given all the other "better" predictors in
. * the model now.
. * The charter school dummy variable was dropped due to collinearity.
. 
. * PROBLEM 2 ~~~~~~~~~~~~~~~~~~~~~~~~~~~~~~~~~~~~~~~~~~~~~~~~~~~~~~~~~~~~~~~~~~~~     
>                            
. use "LUSD_sub_4_5.dta", clear

. 
. * (a)
. * There is data for two grades over two years.
. summarize

    Variable |        Obs        Mean    Std. Dev.       Min        Max
-------------+---------------------------------------------------------
          id |     37,823    9.00e+09    71193.69   9.00e+09   9.00e+09
        year |     37,823    2005.492    .4999401       2005       2006
       grade |     37,823    4.499458    .5000063          4          5
      school |     37,823    212.1198    69.05132         13        395
     teacher |     37,823    13984.94    7990.812          3      28566
-------------+---------------------------------------------------------
         age |     37,823    10.76168    .7808598   8.821918   14.67945
         lep |     37,823    .3165534    .4651377          0          1
      atrisk |     37,823    .5339344    .4988537          0          1
      speced |     37,823    .0536446     .225318          0          1
      biling |     37,823    .2637549    .4406738          0          1
-------------+---------------------------------------------------------
         esl |     37,823    .0415356     .199528          0          1
      gifted |     37,823    .1955424    .3966229          0          1
       immig |     37,823    .0289771    .1677443          0          1
     migrant |     37,823    .0052878    .0725256          0          1
     econdis |     37,823    .8239167    .3808961          0          1
-------------+---------------------------------------------------------
       black |     37,823    .2537874    .4351831          0          1
    hispanic |     37,823    .6192528     .485577          0          1
       asian |     37,823     .031383    .1743529          0          1
       white |     37,823    .0951009    .2933581          0          1
      female |     37,823    .5108267    .4998894          0          1
-------------+---------------------------------------------------------
      totexp |     37,823    10.47093    9.609685          0         46
    hidegree |     37,823    1.281866    .4793342          1          3
       mathz |     37,558    .1412707    .9019423   -4.55795   3.395297
       readz |     36,609    .0619275    .9932276   -5.89753   3.503181
     mathz_1 |     37,560    .1134267    .9646825  -5.773608   3.159722
-------------+---------------------------------------------------------
     readz_1 |     36,864    .1172469    .9461375  -5.484524   3.464074
  totexp_cat |     37,823     5.29995    2.825715          0          9
      maplus |     37,823    .2681966    .4430264          0          1
 spanvermath |     37,742    .1228075    .3282204          0          1
 spanverread |     37,282    .1215332    .3267503          0          1
-------------+---------------------------------------------------------
   tch_black |     37,823     .360019    .4800119          0          1
    tch_hisp |     37,823    .2734315    .4457263          0          1
   tch_asian |     37,823    .0310393    .1734263          0          1
   tch_white |     37,823    .3328134    .4712266          0          1
   tch_other |     37,823    .0026968    .0518611          0          1

. * There are 37,823 student observations in the data set.
. codebook id

---------------------------------------------------------------------------------------
id                                                                           student id
---------------------------------------------------------------------------------------

                  type:  numeric (double)

                 range:  [9.000e+09,9.001e+09]        units:  1
         unique values:  31,576                   missing .:  0/37,823

                  mean:   9.0e+09
              std. dev:   71193.7

           percentiles:        10%       25%       50%       75%       90%
                           9.0e+09   9.0e+09   9.0e+09   9.0e+09   9.0e+09

. * There are 31,576 unique students and 12,494 of those students have 4th grade
. * and 5th grade data in this dataset.
. summarize if year==2005 & grade==4

    Variable |        Obs        Mean    Std. Dev.       Min        Max
-------------+---------------------------------------------------------
          id |      9,676    9.00e+09    54039.17   9.00e+09   9.00e+09
        year |      9,676        2005           0       2005       2005
       grade |      9,676           4           0          4          4
      school |      9,676    210.3452    67.97459        102        389
     teacher |      9,676    13950.01    7935.461          3      28566
-------------+---------------------------------------------------------
         age |      9,676    10.23791    .5487406   8.821918    13.2411
         lep |      9,676     .352315    .4777162          0          1
      atrisk |      9,676    .4768499    .4994896          0          1
      speced |      9,676    .0503307    .2186378          0          1
      biling |      9,676    .3164531     .465116          0          1
-------------+---------------------------------------------------------
         esl |      9,676     .027594    .1638151          0          1
      gifted |      9,676    .1898512    .3922035          0          1
       immig |      9,676    .0256304    .1580382          0          1
     migrant |      9,676    .0069243    .0829284          0          1
     econdis |      9,676    .8340223    .3720798          0          1
-------------+---------------------------------------------------------
       black |      9,676    .2553741    .4360938          0          1
    hispanic |      9,676    .6188508    .4856942          0          1
       asian |      9,676    .0285242    .1664735          0          1
       white |      9,676    .0968375    .2957517          0          1
      female |      9,676    .5156056    .4997822          0          1
-------------+---------------------------------------------------------
      totexp |      9,676    9.635387     9.19811          0         39
    hidegree |      9,676    1.246176    .4589178          1          3
       mathz |      9,624    .0794493    .9874641   -4.55795    2.92758
       readz |      9,483    .0485084    .9996089   -5.89753   3.320275
     mathz_1 |      9,617    .1070492    .9625512  -5.773608   2.840133
-------------+---------------------------------------------------------
     readz_1 |      9,539    .1232771    .9244128  -4.953526   2.298884
  totexp_cat |      9,676    5.013642    2.896852          0          9
      maplus |      9,676    .2336709    .4231871          0          1
 spanvermath |      9,651    .2262978    .4184558          0          1
 spanverread |      9,621    .2264837    .4185774          0          1
-------------+---------------------------------------------------------
   tch_black |      9,676    .3135593    .4639635          0          1
    tch_hisp |      9,676    .3204837    .4666866          0          1
   tch_asian |      9,676    .0284208    .1661805          0          1
   tch_white |      9,676    .3361926    .4724301          0          1
   tch_other |      9,676    .0013435    .0366315          0          1

. * There were 9,676 4th graders in 2005.
. summarize if year==2006 & grade==4

    Variable |        Obs        Mean    Std. Dev.       Min        Max
-------------+---------------------------------------------------------
          id |      9,256    9.00e+09    56031.38   9.00e+09   9.00e+09
        year |      9,256        2006           0       2006       2006
       grade |      9,256           4           0          4          4
      school |      9,256    213.0608    70.18458         13        395
     teacher |      9,256    13860.44    8090.593          3      28548
-------------+---------------------------------------------------------
         age |      9,256    10.22896    .5367725   8.827397   13.48219
         lep |      9,256    .3746759    .4840653          0          1
      atrisk |      9,256    .5432152    .4981559          0          1
      speced |      9,256    .0545592    .2271301          0          1
      biling |      9,256    .3303803    .4703754          0          1
-------------+---------------------------------------------------------
         esl |      9,256    .0319793    .1759543          0          1
      gifted |      9,256    .1949006    .3961456          0          1
       immig |      9,256    .0343561     .182152          0          1
     migrant |      9,256    .0039974     .063102          0          1
     econdis |      9,256    .8170916    .3866123          0          1
-------------+---------------------------------------------------------
       black |      9,256    .2389801    .4264836          0          1
    hispanic |      9,256    .6299697    .4828385          0          1
       asian |      9,256      .03414    .1815986          0          1
       white |      9,256     .096586    .2954092          0          1
      female |      9,256    .5054019    .4999978          0          1
-------------+---------------------------------------------------------
      totexp |      9,256    9.901469    9.493756          0         40
    hidegree |      9,256    1.270203    .4703209          1          3
       mathz |      9,256    .1680663    .8437623  -4.171924     2.3696
       readz |      8,879    .0745954    .9830121  -5.496091   3.033561
     mathz_1 |      9,159    .1247477    .9564595  -4.972991   3.159722
-------------+---------------------------------------------------------
     readz_1 |      8,958    .1384528    .9367162  -5.136457   2.664468
  totexp_cat |      9,256    5.086538    2.889046          0          9
      maplus |      9,256    .2582109    .4376742          0          1
 spanvermath |      9,256    .2361711    .4247515          0          1
 spanverread |      9,073    .2347625    .4238736          0          1
-------------+---------------------------------------------------------
   tch_black |      9,256    .3057476    .4607482          0          1
    tch_hisp |      9,256    .3316768     .470841          0          1
   tch_asian |      9,256     .025605    .1579623          0          1
   tch_white |      9,256    .3369706    .4727003          0          1
   tch_other |      9,256           0           0          0          0

. * There were 9,256 4th graders in 2006.
. * 4th grade total = 18,932
. summarize if year==2005 & grade==5

    Variable |        Obs        Mean    Std. Dev.       Min        Max
-------------+---------------------------------------------------------
          id |      9,544    9.00e+09    79546.93   9.00e+09   9.00e+09
        year |      9,544        2005           0       2005       2005
       grade |      9,544           5           0          5          5
      school |      9,544    210.8441    67.45451         13        389
     teacher |      9,544    14207.32    7915.578          3      28499
-------------+---------------------------------------------------------
         age |      9,544    11.28847    .6063916    9.59726   14.66027
         lep |      9,544      .25943    .4383449          0          1
      atrisk |      9,544    .5278709    .4992488          0          1
      speced |      9,544    .0503982    .2187766          0          1
      biling |      9,544    .1988684    .3991697          0          1
-------------+---------------------------------------------------------
         esl |      9,544    .0519698    .2219778          0          1
      gifted |      9,544    .1886002    .3912112          0          1
       immig |      9,544    .0229464    .1497403          0          1
     migrant |      9,544    .0061819    .0783857          0          1
     econdis |      9,544    .8262783    .3788899          0          1
-------------+---------------------------------------------------------
       black |      9,544    .2676027    .4427325          0          1
    hispanic |      9,544    .6072925    .4883782          0          1
       asian |      9,544    .0312238    .1739312          0          1
       white |      9,544    .0930427    .2905076          0          1
      female |      9,544    .5064962     .499984          0          1
-------------+---------------------------------------------------------
      totexp |      9,544       10.91     9.82388          0         45
    hidegree |      9,544    1.303122    .4937063          1          3
       mathz |      9,418    .0654932    .9989776  -3.186657   3.395297
       readz |      9,340    .0404413    1.001478  -5.260245   3.503181
     mathz_1 |      9,497    .1090626    .9737012  -5.282089   3.118735
-------------+---------------------------------------------------------
     readz_1 |      9,377    .1048151    .9564711  -5.484524   3.464074
  totexp_cat |      9,544    5.439229    2.745153          0          9
      maplus |      9,544    .2868818    .4523296          0          1
 spanvermath |      9,510    .0123028    .1102395          0          1
 spanverread |      9,481    .0119186    .1085254          0          1
-------------+---------------------------------------------------------
   tch_black |      9,544    .4160729    .4929317          0          1
    tch_hisp |      9,544    .2135373    .4098252          0          1
   tch_asian |      9,544    .0343671    .1821799          0          1
   tch_white |      9,544    .3300503    .4702555          0          1
   tch_other |      9,544    .0059723    .0770538          0          1

. * There were 9,544 5th graders in 2005.
. summarize if year==2006 & grade==5

    Variable |        Obs        Mean    Std. Dev.       Min        Max
-------------+---------------------------------------------------------
          id |      9,347    9.00e+09     66975.4   9.00e+09   9.00e+09
        year |      9,347        2006           0       2006       2006
       grade |      9,347           5           0          5          5
      school |      9,347    214.3278    70.55484        102        395
     teacher |      9,347    13917.32     8021.68          3      28566
-------------+---------------------------------------------------------
         age |      9,347    11.29353    .6030616   9.613699   14.67945
         lep |      9,347    .2803038    .4491717          0          1
      atrisk |      9,347    .5900289    .4918543          0          1
      speced |      9,347    .0594843    .2365416          0          1
      biling |      9,347     .209479    .4069585          0          1
-------------+---------------------------------------------------------
         esl |      9,347    .0547769    .2275565          0          1
      gifted |      9,347     .209158    .4067292          0          1
       immig |      9,347    .0332727    .1793574          0          1
     migrant |      9,347    .0039585    .0627952          0          1
     econdis |      9,347    .8178025    .3860279          0          1
-------------+---------------------------------------------------------
       black |      9,347    .2527014    .4345844          0          1
    hispanic |      9,347    .6212689    .4850969          0          1
       asian |      9,347    .0317749    .1754097          0          1
       white |      9,347    .0939339    .2917523          0          1
      female |      9,347    .5156735     .499781          0          1
-------------+---------------------------------------------------------
      totexp |      9,347    11.45148    9.804557          0         46
    hidegree |      9,347    1.308655    .4911511          1          3
       mathz |      9,260    .2558088    .7321822  -2.939491   2.559758
       readz |      8,907     .086117    .9872894  -5.329736   2.922852
     mathz_1 |      9,287    .1133288    .9657542   -4.55795    2.92758
-------------+---------------------------------------------------------
     readz_1 |      8,990    .1026853    .9669036  -4.957502   3.320275
  totexp_cat |      9,347    5.665454    2.717037          0          9
      maplus |      9,347     .294747    .4559533          0          1
 spanvermath |      9,325    .0158713    .1249844          0          1
 spanverread |      9,107    .0119688    .1087514          0          1
-------------+---------------------------------------------------------
   tch_black |      9,347    .4046218     .490845          0          1
    tch_hisp |      9,347    .2282016    .4196957          0          1
   tch_asian |      9,347    .0357334    .1856346          0          1
   tch_white |      9,347    .3280197    .4695172          0          1
   tch_other |      9,347    .0034236    .0584141          0          1

. * There were 9,347 5th graders in 2006.
. codebook school

---------------------------------------------------------------------------------------
school                                                                        school id
---------------------------------------------------------------------------------------

                  type:  numeric (int)

                 range:  [13,395]                     units:  1
         unique values:  190                      missing .:  0/37,823

                  mean:    212.12
              std. dev:   69.0513

           percentiles:        10%       25%       50%       75%       90%
                               120       155       214       261       291

. * There are 190 unique schools in the dataset.
. codebook teacher

---------------------------------------------------------------------------------------
teacher                                                     unique teacher ID (created)
---------------------------------------------------------------------------------------

                  type:  numeric (int)

                 range:  [3,28566]                    units:  1
         unique values:  1,852                    missing .:  0/37,823

                  mean:   13984.9
              std. dev:   7990.81

           percentiles:        10%       25%       50%       75%       90%
                              2953      7022     14256     20519     25351

. * There are 1,852 unique teachers in the dataset.
. 
. * (b)
. drop if grade==4
(18,932 observations deleted)

.  
. * MODEL 1
. regress mathz age female lep speced immig econdis black hispanic asian i.year

      Source |       SS           df       MS      Number of obs   =    18,678
-------------+----------------------------------   F(10, 18667)    =    486.13
       Model |  3002.24988        10  300.224988   Prob > F        =    0.0000
    Residual |  11528.2876    18,667  .617575806   R-squared       =    0.2066
-------------+----------------------------------   Adj R-squared   =    0.2062
       Total |  14530.5374    18,677  .777990975   Root MSE        =    .78586

------------------------------------------------------------------------------
       mathz |      Coef.   Std. Err.      t    P>|t|     [95% Conf. Interval]
-------------+----------------------------------------------------------------
         age |  -.2391259   .0098772   -24.21   0.000    -.2584861   -.2197657
      female |   -.102037     .01159    -8.80   0.000    -.1247544   -.0793196
         lep |  -.3248555   .0151293   -21.47   0.000    -.3545102   -.2952007
      speced |  -.6844016   .0262331   -26.09   0.000    -.7358209   -.6329824
       immig |   .0493601   .0357908     1.38   0.168    -.0207931    .1195132
     econdis |  -.2820154   .0185741   -15.18   0.000    -.3184222   -.2456086
       black |  -.6038054   .0249088   -24.24   0.000    -.6526288    -.554982
    hispanic |  -.2978928   .0247089   -12.06   0.000    -.3463245   -.2494611
       asian |   .2274659   .0376993     6.03   0.000     .1535719    .3013599
             |
        year |
       2006  |   .2015558   .0115172    17.50   0.000     .1789811    .2241305
             |
       _cons |   3.497618   .1115148    31.36   0.000     3.279039    3.716197
------------------------------------------------------------------------------

. eststo model1

. * For 5th grade, maths scores appear to be indirectly related to every covariate
. * except a student's immigration status and Asian descent. I.e., if a student is
. * a male Asian immigrant, he will have a relatively higher maths score.
. 
. * (c)
. * MODEL 2
. regress mathz age female lep speced immig econdis black hispanic asian i.year mathz_1

      Source |       SS           df       MS      Number of obs   =    18,616
-------------+----------------------------------   F(11, 18604)    =   1518.31
       Model |   6676.6989        11  606.972627   Prob > F        =    0.0000
    Residual |  7437.29939    18,604  .399768834   R-squared       =    0.4731
-------------+----------------------------------   Adj R-squared   =    0.4727
       Total |  14113.9983    18,615  .758205656   Root MSE        =    .63227

------------------------------------------------------------------------------
       mathz |      Coef.   Std. Err.      t    P>|t|     [95% Conf. Interval]
-------------+----------------------------------------------------------------
         age |  -.1241766   .0080508   -15.42   0.000    -.1399568   -.1083964
      female |  -.0405302   .0093608    -4.33   0.000    -.0588783   -.0221821
         lep |  -.1806571   .0122755   -14.72   0.000    -.2047182    -.156596
      speced |  -.3140205   .0218283   -14.39   0.000     -.356806    -.271235
       immig |   .0991697   .0288287     3.44   0.001     .0426627    .1556766
     econdis |   -.103336   .0150669    -6.86   0.000    -.1328686   -.0738035
       black |  -.2486934   .0203891   -12.20   0.000    -.2886578   -.2087289
    hispanic |  -.1252219   .0199845    -6.27   0.000    -.1643934   -.0860504
       asian |   .0995022    .030405     3.27   0.001     .0399056    .1590989
             |
        year |
       2006  |   .2097555   .0092791    22.61   0.000     .1915676    .2279433
             |
     mathz_1 |   .5140014   .0052278    98.32   0.000     .5037543    .5242484
       _cons |   1.712134   .0917204    18.67   0.000     1.532353    1.891914
------------------------------------------------------------------------------

. * Including the previous year's scores does not change the relationship between
. * the covariates in the sense that maths scores are still only directly related
. * to immigration status and Asian descent. However, the coeffecients of these
. * variables are different. Taking the previous year's scores into account,
. * immigration status has a larger effect and Asian descent has a smaller effect
. * than if the previous year's scores had been ignored.
. 
. eststo model2

. esttab

--------------------------------------------
                      (1)             (2)   
                    mathz           mathz   
--------------------------------------------
age                -0.239***       -0.124***
                 (-24.21)        (-15.42)   

female             -0.102***      -0.0405***
                  (-8.80)         (-4.33)   

lep                -0.325***       -0.181***
                 (-21.47)        (-14.72)   

speced             -0.684***       -0.314***
                 (-26.09)        (-14.39)   

immig              0.0494          0.0992***
                   (1.38)          (3.44)   

econdis            -0.282***       -0.103***
                 (-15.18)         (-6.86)   

black              -0.604***       -0.249***
                 (-24.24)        (-12.20)   

hispanic           -0.298***       -0.125***
                 (-12.06)         (-6.27)   

asian               0.227***       0.0995** 
                   (6.03)          (3.27)   

2005.year               0               0   
                      (.)             (.)   

2006.year           0.202***        0.210***
                  (17.50)         (22.61)   

mathz_1                             0.514***
                                  (98.32)   

_cons               3.498***        1.712***
                  (31.36)         (18.67)   
--------------------------------------------
N                   18678           18616   
--------------------------------------------
t statistics in parentheses
* p<0.05, ** p<0.01, *** p<0.001

. 
. * (d)
. xtset
       panel variable:  teacher (unbalanced)

. * MODEL 3
. xtreg mathz age female lep speced immig econdis black hispanic asian i.year mathz_1

Random-effects GLS regression                   Number of obs     =     18,616
Group variable: teacher                         Number of groups  =        891

R-sq:                                           Obs per group:
     within  = 0.3898                                         min =          1
     between = 0.6414                                         avg =       20.9
     overall = 0.4720                                         max =         49

                                                Wald chi2(11)     =   12852.82
corr(u_i, X)   = 0 (assumed)                    Prob > chi2       =     0.0000

------------------------------------------------------------------------------
       mathz |      Coef.   Std. Err.      z    P>|z|     [95% Conf. Interval]
-------------+----------------------------------------------------------------
         age |  -.1103306     .00765   -14.42   0.000    -.1253243   -.0953369
      female |  -.0434574   .0088284    -4.92   0.000    -.0607608    -.026154
         lep |  -.1441215   .0156531    -9.21   0.000     -.174801    -.113442
      speced |    -.29755   .0206584   -14.40   0.000    -.3380396   -.2570604
       immig |   .1035356   .0274795     3.77   0.000     .0496768    .1573943
     econdis |  -.0724573   .0153028    -4.73   0.000    -.1024502   -.0424644
       black |  -.2154493   .0214189   -10.06   0.000    -.2574296    -.173469
    hispanic |  -.1017272   .0204909    -4.96   0.000    -.1418886   -.0615657
       asian |   .0883698   .0295091     2.99   0.003     .0305331    .1462065
             |
        year |
       2006  |   .1732067   .0099963    17.33   0.000     .1536143    .1927992
             |
     mathz_1 |   .5061056   .0053106    95.30   0.000      .495697    .5165143
       _cons |   1.500119    .088764    16.90   0.000     1.326144    1.674093
-------------+----------------------------------------------------------------
     sigma_u |  .25203629
     sigma_e |  .58224407
         rho |  .15780742   (fraction of variance due to u_i)
------------------------------------------------------------------------------

. * Adding teacher as a fixed effect has only altered the size of the coefficients.
. * Being older, having limited English, being a special ed student, being
. * economically disadvantaged, being black or Hispanic will all have a negative
. * effect on a 5th grader's maths score. The only covariates having a positive
. * relationship are being a male immigrant of Asian descent. The only difference
. * between Model 2 and Model 3 is that taking into account the fixed effect of
. * having the same teacher, the effect of immigration status has increased (from
. * 0.099 to 0.104) and the effect of being of Asian descent has increased (from
. * 0.100 to 0.088).
. 
. 
. log close
      name:  <unnamed>
       log:  /Users/jenniferjackson/Desktop/NYU/Large Databases/PS10/JenniferJackson_PS
> 10.log
  log type:  text
 closed on:   2 May 2019, 15:31:14
---------------------------------------------------------------------------------------
